<?xml version="1.0" encoding="UTF-8"?>
<testng-results ignored="0" total="3" passed="3" failed="0" skipped="0">
  <reporter-output>
  </reporter-output>
  <suite started-at="2025-07-02T12:31:18 IST" name="Default suite" finished-at="2025-07-02T12:31:41 IST" duration-ms="22084">
    <groups>
    </groups>
    <test started-at="2025-07-02T12:31:18 IST" name="Default test" finished-at="2025-07-02T12:31:41 IST" duration-ms="22084">
      <class name="club.Compare">
        <test-method is-config="true" signature="compares()[pri:0, instance:club.Compare@17d919b6]" started-at="2025-07-02T12:31:18 IST" name="compares" finished-at="2025-07-02T12:31:20 IST" duration-ms="1901" status="PASS">
          <reporter-output>
          </reporter-output>
        </test-method> <!-- compares -->
        <test-method signature="ammm()[pri:1, instance:club.Compare@17d919b6]" started-at="2025-07-02T12:31:20 IST" name="ammm" finished-at="2025-07-02T12:31:25 IST" duration-ms="4751" status="PASS">
          <reporter-output>
          </reporter-output>
        </test-method> <!-- ammm -->
        <test-method is-config="true" signature="compares()[pri:0, instance:club.Compare@17d919b6]" started-at="2025-07-02T12:31:25 IST" name="compares" finished-at="2025-07-02T12:31:27 IST" duration-ms="1988" status="PASS">
          <reporter-output>
          </reporter-output>
        </test-method> <!-- compares -->
        <test-method signature="drop()[pri:2, instance:club.Compare@17d919b6]" started-at="2025-07-02T12:31:27 IST" name="drop" finished-at="2025-07-02T12:31:39 IST" duration-ms="11601" status="PASS">
          <reporter-output>
          </reporter-output>
        </test-method> <!-- drop -->
        <test-method is-config="true" signature="compares()[pri:0, instance:club.Compare@17d919b6]" started-at="2025-07-02T12:31:39 IST" name="compares" finished-at="2025-07-02T12:31:40 IST" duration-ms="1641" status="PASS">
          <reporter-output>
          </reporter-output>
        </test-method> <!-- compares -->
        <test-method signature="comparing()[pri:3, instance:club.Compare@17d919b6]" started-at="2025-07-02T12:31:40 IST" name="comparing" finished-at="2025-07-02T12:31:40 IST" duration-ms="7" status="PASS">
          <reporter-output>
          </reporter-output>
        </test-method> <!-- comparing -->
      </class> <!-- club.Compare -->
    </test> <!-- Default test -->
  </suite> <!-- Default suite -->
</testng-results>
